<?xml version="1.0" encoding="UTF-8"?>
<!-- Generated by org.testng.reporters.JUnitXMLReporter -->
<testsuite ignored="0" hostname="DESKTOP-QQS5BR8" failures="0" tests="3" name="Default test" time="5.677" errors="0" timestamp="2026-01-22T22:38:43 AST">
  <testcase classname="findelements.TestCases" name="login" time="0.28"/>
  <testcase classname="findelements.TestCases" name="addElements" time="0.335"/>
  <testcase classname="findelements.TestCases" name="removeElements" time="0.31"/>
</testsuite> <!-- Default test -->
