<?xml version="1.0" encoding="UTF-8"?>
<!-- Generated by org.testng.reporters.JUnitReportReporter -->
<testsuite hostname="DESKTOP-QQS5BR8" failures="0" tests="3" name="findelements.TestCases" time="0.925" errors="0" timestamp="2026-01-22T22:38:43 AST" skipped="0">
  <testcase classname="findelements.TestCases" name="login" time="0.280"/>
  <testcase classname="findelements.TestCases" name="addElements" time="0.335"/>
  <testcase classname="findelements.TestCases" name="removeElements" time="0.310"/>
</testsuite> <!-- findelements.TestCases -->
